<?xml version="1.0" encoding="UTF-8"?>
<!-- Generated by org.testng.reporters.JUnitReportReporter -->
<testsuite hostname="XATLCAMP23590" failures="0" tests="1" name="com.qa.tests.LoginTest" time="0.006" errors="0" timestamp="2022-03-07T12:36:43 EST" skipped="0">
  <testcase classname="com.qa.tests.LoginTest" name="test1" time="0.006"/>
  <system-out/>
</testsuite> <!-- com.qa.tests.LoginTest -->
