<?xml version="1.0" encoding="UTF-8"?>
<!-- Generated by org.testng.reporters.JUnitReportReporter -->
<testsuite hostname="XATLCAMP23590" failures="0" tests="1" name="com.qa.tests.SiblingAndParentInXpath" time="7.983" errors="0" timestamp="2022-03-17T15:28:45 EDT" skipped="0">
  <testcase classname="com.qa.tests.SiblingAndParentInXpath" name="testSiblingAndParentInXpath" time="7.983"/>
  <system-out/>
</testsuite> <!-- com.qa.tests.SiblingAndParentInXpath -->
